     1                                  bits 32 ; assembling for the 32 bits architecture
     2                                  
     3                                  ; declare the EntryPoint (a label defining the very first instruction of the program)
     4                                  global start        
     5                                  
     6                                  ; declare external functions needed by our program
     7                                  extern exit               ; tell nasm that exit exists even if we won't be defining it
     8                                  import exit msvcrt.dll    ; exit is a function that ends the calling process. It is defined in msvcrt.dll
     9                                                            ; msvcrt.dll contains exit, printf and all the other important C-runtime specific functions
    10                                  
    11                                  ; our data is declared here (the variables needed by our program)
    12                                  segment data use32 class=data
    13                                      ; ...
    14 00000000 04                          a db 4
    15 00000001 03                          b db 3 
    16 00000002 02                          c db 2
    17 00000003 05                          d db 5
    18                                  
    19                                  ; our code starts here
    20                                  segment code use32 class=code
    21                                      start:
    22                                          ; ...
    23 00000000 66A1[00000000]                  mov AX, [a]
    24 00000006 662B05[02000000]                sub AX, [c]
    25 0000000D 668B1D[01000000]                mov BX, [b]
    26 00000014 66031D[01000000]                add BX, [b]
    27 0000001B 66031D[03000000]                add BX, [d]
    28 00000022 6601D8                          add AX, BX
    29                                          ; exit(0)
    30 00000025 6A00                            push    dword 0      ; push the parameter for exit onto the stack
    31 00000027 FF15[00000000]                  call    [exit]       ; call exit to terminate the program
