     1                                  bits 32 ; assembling for the 32 bits architecture
     2                                  
     3                                  ; declare the EntryPoint (a label defining the very first instruction of the program)
     4                                  global start        
     5                                  
     6                                  ; declare external functions needed by our program
     7                                  extern exit               ; tell nasm that exit exists even if we won't be defining it
     8                                  import exit msvcrt.dll    ; exit is a function that ends the calling process. It is defined in msvcrt.dll
     9                                                            ; msvcrt.dll contains exit, printf and all the other important C-runtime specific functions
    10                                  
    11                                  ; our data is declared here (the variables needed by our program)
    12                                  segment data use32 class=data
    13                                      ; ...
    14 00000000 02                          a db 2
    15 00000001 03                          b db 3
    16 00000002 03                          d db 3
    17 00000003 02                          x db 2
    18                                  ; our code starts here
    19                                  segment code use32 class=code
    20                                      start:
    21                                          ; ...
    22 00000000 66A1[00000000]                  mov AX, [a]
    23 00000006 660305[01000000]                add AX, [b]
    24 0000000D F625[03000000]                  mul byte[x]
    25 00000013 668B0D[00000000]                mov CX, [a]
    26 0000001A 66030D[02000000]                add CX, [d]
    27 00000021 F6F1                            div CL
    28                                          ; exit(0)
    29 00000023 6A00                            push    dword 0      ; push the parameter for exit onto the stack
    30 00000025 FF15[00000000]                  call    [exit]       ; call exit to terminate the program
