c:\users\monica\desktop\sda\lab3\lab3\debug\vc141.pdb
c:\users\monica\desktop\sda\lab3\lab3\debug\vc141.idb
c:\users\monica\desktop\sda\lab3\lab3\debug\main.obj
c:\users\monica\desktop\sda\lab3\lab3\debug\shorttest.obj
c:\users\monica\desktop\sda\lab3\lab3\debug\mapiterator.obj
c:\users\monica\desktop\sda\lab3\lab3\debug\map.obj
c:\users\monica\desktop\sda\lab3\lab3\debug\extendedtest.obj
c:\users\monica\desktop\sda\lab3\debug\lab3.exe
c:\users\monica\desktop\sda\lab3\debug\lab3.ilk
c:\users\monica\desktop\sda\lab3\debug\lab3.pdb
c:\users\monica\desktop\sda\lab3\lab3\debug\lab3.res
c:\users\monica\desktop\sda\lab3\lab3\debug\extendedtest.obj.enc
c:\users\monica\desktop\sda\lab3\lab3\debug\main.obj.enc
c:\users\monica\desktop\sda\lab3\lab3\debug\mapiterator.obj.enc
c:\users\monica\desktop\sda\lab3\lab3\debug\lab3.tlog\cl.command.1.tlog
c:\users\monica\desktop\sda\lab3\lab3\debug\lab3.tlog\cl.read.1.tlog
c:\users\monica\desktop\sda\lab3\lab3\debug\lab3.tlog\cl.write.1.tlog
c:\users\monica\desktop\sda\lab3\lab3\debug\lab3.tlog\link.command.1.tlog
c:\users\monica\desktop\sda\lab3\lab3\debug\lab3.tlog\link.read.1.tlog
c:\users\monica\desktop\sda\lab3\lab3\debug\lab3.tlog\link.write.1.tlog
c:\users\monica\desktop\sda\lab3\lab3\debug\lab3.tlog\rc.command.1.tlog
c:\users\monica\desktop\sda\lab3\lab3\debug\lab3.tlog\rc.read.1.tlog
c:\users\monica\desktop\sda\lab3\lab3\debug\lab3.tlog\rc.write.1.tlog
