c:\users\asus\source\repos\vegetables\vegetables\x64\debug\moc_vegetables.obj
c:\users\asus\source\repos\vegetables\vegetables\x64\debug\main.obj
c:\users\asus\source\repos\vegetables\vegetables\x64\debug\controller.obj
c:\users\asus\source\repos\vegetables\vegetables\x64\debug\vegetables.obj
c:\users\asus\source\repos\vegetables\vegetables\x64\debug\vegetable.obj
c:\users\asus\source\repos\vegetables\vegetables\x64\debug\qrc_vegetables.obj
c:\users\asus\source\repos\vegetables\vegetables\.\generatedfiles\debug\moc_vegetables.cpp
c:\users\asus\source\repos\vegetables\vegetables\.\generatedfiles\qrc_vegetables.cpp
c:\users\asus\source\repos\vegetables\vegetables\.\generatedfiles\ui_vegetables.h
c:\users\asus\source\repos\vegetables\vegetables\generatedfiles\ui_vegetables.h
c:\users\asus\source\repos\vegetables\vegetables\generatedfiles\qrc_vegetables.cpp
c:\users\asus\source\repos\vegetables\vegetables\generatedfiles\debug\moc_vegetables.cpp
c:\users\asus\source\repos\vegetables\vegetables\x64\debug\vc141.pdb
c:\users\asus\source\repos\vegetables\vegetables\x64\debug\vegetables.tlog\cl.10504.write.1.tlog
c:\users\asus\source\repos\vegetables\vegetables\x64\debug\vegetables.tlog\cl.command.1.tlog
c:\users\asus\source\repos\vegetables\vegetables\x64\debug\vegetables.tlog\cl.read.1.tlog
c:\users\asus\source\repos\vegetables\vegetables\x64\debug\vegetables.tlog\moc.read.1u.tlog
c:\users\asus\source\repos\vegetables\vegetables\x64\debug\vegetables.tlog\moc.write.1u.tlog
c:\users\asus\source\repos\vegetables\vegetables\x64\debug\vegetables.tlog\rcc.read.1u.tlog
c:\users\asus\source\repos\vegetables\vegetables\x64\debug\vegetables.tlog\rcc.write.1u.tlog
c:\users\asus\source\repos\vegetables\vegetables\x64\debug\vegetables.tlog\uic.read.1u.tlog
c:\users\asus\source\repos\vegetables\vegetables\x64\debug\vegetables.tlog\uic.write.1u.tlog
c:\users\asus\source\repos\vegetables\vegetables\x64\debug\vegetables.tlog\vegetables.write.1u.tlog
